0 info it worked if it ends with ok
1 verbose cli [ '/home/josh/.meteor/packages/meteor-tool/.1.4.2_6.3jw1nk++os.linux.x86_64+web.browser+web.cordova/mt-os.linux.x86_64/dev_bundle/bin/node',
1 verbose cli   '/home/josh/.meteor/packages/meteor-tool/.1.4.2_6.3jw1nk++os.linux.x86_64+web.browser+web.cordova/mt-os.linux.x86_64/dev_bundle/bin/npm',
1 verbose cli   'run',
1 verbose cli   'start' ]
2 info using npm@4.1.2
3 info using node@v4.7.3
4 verbose run-script [ 'prestart', 'start', 'poststart' ]
5 info lifecycle bowfolios@~prestart: bowfolios@
6 silly lifecycle bowfolios@~prestart: no script for prestart, continuing
7 info lifecycle bowfolios@~start: bowfolios@
8 verbose lifecycle bowfolios@~start: unsafe-perm in lifecycle true
9 verbose lifecycle bowfolios@~start: PATH: /home/josh/.meteor/packages/meteor-tool/.1.4.2_6.3jw1nk++os.linux.x86_64+web.browser+web.cordova/mt-os.linux.x86_64/dev_bundle/lib/node_modules/npm/bin/node-gyp-bin:/home/josh/Documents/Github/UHPool/app/node_modules/.bin:/home/josh/.meteor/packages/meteor-tool/.1.4.2_6.3jw1nk++os.linux.x86_64+web.browser+web.cordova/mt-os.linux.x86_64/dev_bundle/bin:/home/josh/.meteor/packages/meteor-tool/.1.4.2_6.3jw1nk++os.linux.x86_64+web.browser+web.cordova/mt-os.linux.x86_64/dev_bundle/lib/node_modules/.bin:/home/josh/bin:/home/josh/.local/bin:/usr/local/sbin:/usr/local/bin:/usr/sbin:/usr/bin:/sbin:/bin:/usr/games:/usr/local/games:/snap/bin
10 verbose lifecycle bowfolios@~start: CWD: /home/josh/Documents/Github/UHPool/app
11 silly lifecycle bowfolios@~start: Args: [ '-c',
11 silly lifecycle   'meteor --no-release-check --settings ../config/settings.json' ]
12 silly lifecycle bowfolios@~start: Returned: code: 1  signal: null
13 info lifecycle bowfolios@~start: Failed to exec start script
14 verbose stack Error: bowfolios@ start: `meteor --no-release-check --settings ../config/settings.json`
14 verbose stack Exit status 1
14 verbose stack     at EventEmitter.<anonymous> (/home/josh/.meteor/packages/meteor-tool/.1.4.2_6.3jw1nk++os.linux.x86_64+web.browser+web.cordova/mt-os.linux.x86_64/dev_bundle/lib/node_modules/npm/lib/utils/lifecycle.js:279:16)
14 verbose stack     at emitTwo (events.js:87:13)
14 verbose stack     at EventEmitter.emit (events.js:172:7)
14 verbose stack     at ChildProcess.<anonymous> (/home/josh/.meteor/packages/meteor-tool/.1.4.2_6.3jw1nk++os.linux.x86_64+web.browser+web.cordova/mt-os.linux.x86_64/dev_bundle/lib/node_modules/npm/lib/utils/spawn.js:40:14)
14 verbose stack     at emitTwo (events.js:87:13)
14 verbose stack     at ChildProcess.emit (events.js:172:7)
14 verbose stack     at maybeClose (internal/child_process.js:854:16)
14 verbose stack     at Process.ChildProcess._handle.onexit (internal/child_process.js:222:5)
15 verbose pkgid bowfolios@
16 verbose cwd /home/josh/Documents/Github/UHPool/app
17 error Linux 4.8.0-46-generic
18 error argv "/home/josh/.meteor/packages/meteor-tool/.1.4.2_6.3jw1nk++os.linux.x86_64+web.browser+web.cordova/mt-os.linux.x86_64/dev_bundle/bin/node" "/home/josh/.meteor/packages/meteor-tool/.1.4.2_6.3jw1nk++os.linux.x86_64+web.browser+web.cordova/mt-os.linux.x86_64/dev_bundle/bin/npm" "run" "start"
19 error node v4.7.3
20 error npm  v4.1.2
21 error code ELIFECYCLE
22 error bowfolios@ start: `meteor --no-release-check --settings ../config/settings.json`
22 error Exit status 1
23 error Failed at the bowfolios@ start script 'meteor --no-release-check --settings ../config/settings.json'.
23 error Make sure you have the latest version of node.js and npm installed.
23 error If you do, this is most likely a problem with the bowfolios package,
23 error not with npm itself.
23 error Tell the author that this fails on your system:
23 error     meteor --no-release-check --settings ../config/settings.json
23 error You can get information on how to open an issue for this project with:
23 error     npm bugs bowfolios
23 error Or if that isn't available, you can get their info via:
23 error     npm owner ls bowfolios
23 error There is likely additional logging output above.
24 verbose exit [ 1, true ]
